Base path: D:/Unity/Editor/Data
Pipe name: \\.\pipe\UnityShaderCompiler-1-1908
Cmd: getPlatforms
Cmd: preprocess
  insize=9570 outsize=2432 ok=1
Cmd: compileSnippet
  api=4 type=0 insize=6521 outsize=990 kw= ok=1
Cmd: compileSnippet
  api=4 type=1 insize=6521 outsize=1542 kw= ok=1
Cmd: compileSnippet
  api=4 type=0 insize=6517 outsize=990 kw= ok=1
Cmd: compileSnippet
  api=4 type=1 insize=6517 outsize=2184 kw= ok=1
Cmd: compileSnippet
  api=4 type=0 insize=6517 outsize=990 kw= ok=1
Cmd: compileSnippet
  api=4 type=1 insize=6517 outsize=1469 kw= ok=1
Cmd: compileSnippet
  api=4 type=0 insize=6517 outsize=990 kw= ok=1
Cmd: compileSnippet
  api=4 type=1 insize=6517 outsize=1469 kw= ok=1
Cmd: compileSnippet
  api=4 type=0 insize=6520 outsize=990 kw= ok=1
Cmd: compileSnippet
  api=4 type=1 insize=6520 outsize=1794 kw= ok=1
Cmd: compileSnippet
  api=4 type=0 insize=6520 outsize=990 kw= ok=1
Cmd: compileSnippet
  api=4 type=1 insize=6520 outsize=1469 kw= ok=1
Cmd: compileSnippet
  api=4 type=0 insize=6529 outsize=990 kw= ok=1
Cmd: compileSnippet
  api=4 type=1 insize=6529 outsize=1087 kw= ok=1
Cmd: compileSnippet
  api=4 type=0 insize=6534 outsize=990 kw= ok=1
Cmd: compileSnippet
  api=4 type=1 insize=6534 outsize=1347 kw= ok=1
Cmd: compileSnippet
  api=4 type=0 insize=6527 outsize=990 kw= ok=1
Cmd: compileSnippet
  api=4 type=1 insize=6527 outsize=852 kw= ok=1
Cmd: compileSnippet
  api=4 type=0 insize=6525 outsize=990 kw= ok=1
Cmd: compileSnippet
  api=4 type=1 insize=6525 outsize=1510 kw= ok=1
Cmd: compileSnippet
  api=4 type=0 insize=6532 outsize=990 kw= ok=1
Cmd: compileSnippet
  api=4 type=1 insize=6532 outsize=1591 kw= ok=1
Cmd: preprocess
  insize=11629 outsize=759 ok=1
Cmd: compileSnippet
  api=4 type=0 insize=10590 outsize=990 kw= ok=1
Cmd: compileSnippet
  api=4 type=1 insize=10590 outsize=1672 kw= ok=1
Cmd: compileSnippet
  api=4 type=0 insize=10613 outsize=990 kw= ok=1
Cmd: compileSnippet
  api=4 type=1 insize=10613 outsize=9269 kw= ok=1
Cmd: compileSnippet
  api=4 type=0 insize=10612 outsize=990 kw= ok=1
Cmd: compileSnippet
  api=4 type=1 insize=10612 outsize=9285 kw= ok=1
Cmd: preprocess
  insize=452 outsize=452 ok=1
Cmd: preprocess
  insize=1651 outsize=2267 ok=1
Cmd: compileSnippet
  api=4 type=0 insize=8077 outsize=1298 kw=DIRECTIONAL SHADOWS_OFF LIGHTMAP_OFF DIRLIGHTMAP_OFF ok=1
Cmd: compileSnippet
  api=4 type=1 insize=8077 outsize=2704 kw=DIRECTIONAL SHADOWS_OFF LIGHTMAP_OFF DIRLIGHTMAP_OFF ok=1
Cmd: compileSnippet
  api=4 type=2 insize=8077 outsize=7815 kw=DIRECTIONAL SHADOWS_OFF LIGHTMAP_OFF DIRLIGHTMAP_OFF ok=1
Cmd: compileSnippet
  api=4 type=3 insize=8077 outsize=5515 kw=DIRECTIONAL SHADOWS_OFF LIGHTMAP_OFF DIRLIGHTMAP_OFF ok=1
Cmd: compileSnippet
  api=4 type=0 insize=5700 outsize=1298 kw=POINT ok=1
Cmd: compileSnippet
  api=4 type=1 insize=5700 outsize=3005 kw=POINT ok=1
Cmd: compileSnippet
  api=4 type=2 insize=5700 outsize=7815 kw=POINT ok=1
Cmd: compileSnippet
  api=4 type=3 insize=5700 outsize=5166 kw=POINT ok=1
Cmd: compileSnippet
  api=4 type=0 insize=5510 outsize=1298 kw= ok=1
Cmd: compileSnippet
  api=4 type=1 insize=5510 outsize=1575 kw= ok=1
Cmd: compileSnippet
  api=4 type=2 insize=5510 outsize=7815 kw= ok=1
Cmd: compileSnippet
  api=4 type=3 insize=5510 outsize=4362 kw= ok=1
Cmd: compileSnippet
  api=4 type=0 insize=7543 outsize=1298 kw=LIGHTMAP_OFF DIRLIGHTMAP_OFF HDR_LIGHT_PREPASS_OFF ok=1
Cmd: compileSnippet
  api=4 type=1 insize=7543 outsize=1534 kw=LIGHTMAP_OFF DIRLIGHTMAP_OFF HDR_LIGHT_PREPASS_OFF ok=1
Cmd: compileSnippet
  api=4 type=2 insize=7543 outsize=7815 kw=LIGHTMAP_OFF DIRLIGHTMAP_OFF HDR_LIGHT_PREPASS_OFF ok=1
Cmd: compileSnippet
  api=4 type=3 insize=7543 outsize=4207 kw=LIGHTMAP_OFF DIRLIGHTMAP_OFF HDR_LIGHT_PREPASS_OFF ok=1
Cmd: compileSnippet
  api=4 type=0 insize=4813 outsize=1298 kw=SHADOWS_DEPTH ok=1
Cmd: compileSnippet
  api=4 type=1 insize=4813 outsize=445 kw=SHADOWS_DEPTH ok=1
Cmd: compileSnippet
  api=4 type=2 insize=4813 outsize=7815 kw=SHADOWS_DEPTH ok=1
Cmd: compileSnippet
  api=4 type=3 insize=4813 outsize=2720 kw=SHADOWS_DEPTH ok=1
Cmd: preprocess
  insize=1286 outsize=484 ok=1
Cmd: compileSnippet
  api=4 type=0 insize=997 outsize=990 kw= ok=1
Cmd: compileSnippet
  api=4 type=1 insize=997 outsize=843 kw= ok=1
Cmd: compileSnippet
  api=4 type=0 insize=996 outsize=990 kw= ok=1
Cmd: compileSnippet
  api=4 type=1 insize=996 outsize=843 kw= ok=1
Cmd: preprocess
  insize=8933 outsize=811 ok=1
Cmd: compileSnippet
  api=4 type=0 insize=8117 outsize=1908 kw= ok=1
Cmd: compileSnippet
  api=4 type=1 insize=8117 outsize=3094 kw= ok=1
Cmd: compileSnippet
  api=4 type=0 insize=8122 outsize=1997 kw= ok=1
Cmd: compileSnippet
  api=4 type=1 insize=8122 outsize=3297 kw= ok=1
Cmd: compileSnippet
  api=4 type=0 insize=8142 outsize=1339 kw= ok=1
Cmd: compileSnippet
  api=4 type=1 insize=8142 outsize=4963 kw= ok=1
Cmd: compileSnippet
  api=4 type=0 insize=8137 outsize=1339 kw= ok=1
Cmd: compileSnippet
  api=4 type=1 insize=8137 outsize=5223 kw= ok=1
Cmd: preprocess
  insize=1759 outsize=370 ok=1
Cmd: compileSnippet
  api=4 type=0 insize=1635 outsize=1485 kw= ok=1
Cmd: compileSnippet
  api=4 type=1 insize=1635 outsize=1965 kw= ok=1
Cmd: preprocess
  insize=974 outsize=375 ok=1
Cmd: compileSnippet
  api=4 type=0 insize=869 outsize=990 kw= ok=1
Cmd: compileSnippet
  api=4 type=1 insize=869 outsize=1225 kw= ok=1
Cmd: preprocess
  insize=2933 outsize=203 ok=1
Cmd: compileSnippet
  api=4 type=0 insize=2950 outsize=673 kw=LIGHT_ON_SCREEN DIRECTIONAL_SHAFTS ok=1
Cmd: compileSnippet
  api=4 type=1 insize=2950 outsize=5125 kw=LIGHT_ON_SCREEN DIRECTIONAL_SHAFTS ok=1
Cmd: preprocess
  insize=1064 outsize=335 ok=1
Cmd: compileSnippet
  api=4 type=0 insize=995 outsize=990 kw= ok=1
Cmd: compileSnippet
  api=4 type=1 insize=995 outsize=957 kw= ok=1
Cmd: preprocess
  insize=5350 outsize=2170 ok=1
Cmd: compileSnippet
  api=4 type=0 insize=3355 outsize=2087 kw=WATER_REFRACTIVE ok=1
Cmd: compileSnippet
  api=4 type=1 insize=3355 outsize=2875 kw=WATER_REFRACTIVE ok=1
Cmd: preprocess
  insize=2058 outsize=509 ok=1
Cmd: compileSnippet
  api=4 type=0 insize=1805 outsize=1128 kw= ok=1
Cmd: compileSnippet
  api=4 type=1 insize=1805 outsize=1688 kw= ok=1
Cmd: preprocess
  insize=1359 outsize=432 ok=1
Cmd: compileSnippet
  api=4 type=0 insize=1184 outsize=1339 kw= ok=1
Cmd: compileSnippet
  api=4 type=1 insize=1184 outsize=1526 kw= ok=1
Cmd: preprocess
  insize=3722 outsize=746 ok=1
Cmd: compileSnippet
  api=4 type=0 insize=3086 outsize=990 kw= ok=1
Cmd: compileSnippet
  api=4 type=1 insize=3086 outsize=1339 kw= ok=1
Cmd: compileSnippet
  api=4 type=0 insize=3085 outsize=990 kw= ok=1
Cmd: compileSnippet
  api=4 type=1 insize=3085 outsize=1209 kw= ok=1
Cmd: compileSnippet
  api=4 type=0 insize=3130 outsize=990 kw= ok=1
Cmd: compileSnippet
  api=4 type=1 insize=3130 outsize=2623 kw= ok=1
Cmd: preprocess
  insize=1533 outsize=1118 ok=1
Cmd: compileSnippet
  api=4 type=0 insize=5046 outsize=3427 kw=DIRECTIONAL SHADOWS_OFF LIGHTMAP_OFF DIRLIGHTMAP_OFF ok=1
Cmd: compileSnippet
  api=4 type=1 insize=5046 outsize=1900 kw=DIRECTIONAL SHADOWS_OFF LIGHTMAP_OFF DIRLIGHTMAP_OFF ok=1
Cmd: preprocess
  insize=889 outsize=229 ok=1
Cmd: compileSnippet
  api=4 type=0 insize=921 outsize=738 kw= ok=1
Cmd: compileSnippet
  api=4 type=1 insize=921 outsize=1396 kw= ok=1
Cmd: preprocess
  insize=1486 outsize=2211 ok=1
Cmd: compileSnippet
  api=4 type=0 insize=8245 outsize=1298 kw=DIRECTIONAL SHADOWS_OFF LIGHTMAP_OFF DIRLIGHTMAP_OFF ok=1
Cmd: compileSnippet
  api=4 type=1 insize=8245 outsize=2704 kw=DIRECTIONAL SHADOWS_OFF LIGHTMAP_OFF DIRLIGHTMAP_OFF ok=1
Cmd: compileSnippet
  api=4 type=2 insize=8245 outsize=7750 kw=DIRECTIONAL SHADOWS_OFF LIGHTMAP_OFF DIRLIGHTMAP_OFF ok=1
Cmd: compileSnippet
  api=4 type=3 insize=8245 outsize=6482 kw=DIRECTIONAL SHADOWS_OFF LIGHTMAP_OFF DIRLIGHTMAP_OFF ok=1
Cmd: compileSnippet
  api=4 type=0 insize=5868 outsize=1298 kw=POINT ok=1
Cmd: compileSnippet
  api=4 type=1 insize=5868 outsize=3005 kw=POINT ok=1
Cmd: compileSnippet
  api=4 type=2 insize=5868 outsize=7750 kw=POINT ok=1
Cmd: compileSnippet
  api=4 type=3 insize=5868 outsize=6133 kw=POINT ok=1
Cmd: compileSnippet
  api=4 type=0 insize=5678 outsize=1298 kw= ok=1
Cmd: compileSnippet
  api=4 type=1 insize=5678 outsize=1575 kw= ok=1
Cmd: compileSnippet
  api=4 type=2 insize=5678 outsize=7750 kw= ok=1
Cmd: compileSnippet
  api=4 type=3 insize=5678 outsize=5328 kw= ok=1
Cmd: compileSnippet
  api=4 type=0 insize=7711 outsize=1298 kw=LIGHTMAP_OFF DIRLIGHTMAP_OFF HDR_LIGHT_PREPASS_OFF ok=1
Cmd: compileSnippet
  api=4 type=1 insize=7711 outsize=1534 kw=LIGHTMAP_OFF DIRLIGHTMAP_OFF HDR_LIGHT_PREPASS_OFF ok=1
Cmd: compileSnippet
  api=4 type=2 insize=7711 outsize=7750 kw=LIGHTMAP_OFF DIRLIGHTMAP_OFF HDR_LIGHT_PREPASS_OFF ok=1
Cmd: compileSnippet
  api=4 type=3 insize=7711 outsize=5174 kw=LIGHTMAP_OFF DIRLIGHTMAP_OFF HDR_LIGHT_PREPASS_OFF ok=1
Cmd: compileSnippet
  api=4 type=0 insize=4981 outsize=1298 kw=SHADOWS_DEPTH ok=1
Cmd: compileSnippet
  api=4 type=1 insize=4981 outsize=445 kw=SHADOWS_DEPTH ok=1
Cmd: compileSnippet
  api=4 type=2 insize=4981 outsize=7750 kw=SHADOWS_DEPTH ok=1
Cmd: compileSnippet
  api=4 type=3 insize=4981 outsize=3248 kw=SHADOWS_DEPTH ok=1
Cmd: preprocess
  insize=5521 outsize=943 ok=1
Cmd: compileSnippet
  api=4 type=0 insize=4430 outsize=1583 kw= ok=1
Cmd: compileSnippet
  api=4 type=1 insize=4430 outsize=1307 kw= ok=1
Cmd: compileSnippet
  api=4 type=0 insize=4435 outsize=1396 kw= ok=1
Cmd: compileSnippet
  api=4 type=1 insize=4435 outsize=1518 kw= ok=1
Cmd: compileSnippet
  api=4 type=0 insize=4436 outsize=1396 kw= ok=1
Cmd: compileSnippet
  api=4 type=1 insize=4436 outsize=1518 kw= ok=1
Cmd: compileSnippet
  api=4 type=0 insize=4440 outsize=1753 kw= ok=1
Cmd: compileSnippet
  api=4 type=1 insize=4440 outsize=1786 kw= ok=1
Cmd: compileSnippet
  api=4 type=0 insize=4441 outsize=1753 kw= ok=1
Cmd: compileSnippet
  api=4 type=1 insize=4441 outsize=1786 kw= ok=1
Cmd: preprocess
  insize=7006 outsize=291 ok=1
Cmd: compileSnippet
  api=4 type=0 insize=6815 outsize=868 kw=LIGHT_ON_SCREEN DIRECTIONAL_SHAFTS SHOW_SAMPLES_OFF QUAD_SHAFTS FLIP_WORKAROUND_OFF ok=1
Cmd: compileSnippet
  api=4 type=1 insize=6815 outsize=8164 kw=LIGHT_ON_SCREEN DIRECTIONAL_SHAFTS SHOW_SAMPLES_OFF QUAD_SHAFTS FLIP_WORKAROUND_OFF ok=1
Cmd: preprocess
  insize=1060 outsize=1283 ok=1
Cmd: compileSnippet
  api=4 type=0 insize=4923 outsize=3070 kw=DIRECTIONAL SHADOWS_OFF LIGHTMAP_OFF DIRLIGHTMAP_OFF ok=1
Cmd: compileSnippet
  api=4 type=1 insize=4923 outsize=1883 kw=DIRECTIONAL SHADOWS_OFF LIGHTMAP_OFF DIRLIGHTMAP_OFF ok=1
Cmd: compileSnippet
  api=4 type=0 insize=2862 outsize=3102 kw=POINT ok=1
Cmd: compileSnippet
  api=4 type=1 insize=2862 outsize=2184 kw=POINT ok=1
Cmd: compileSnippet
  api=4 type=0 insize=2279 outsize=1477 kw= ok=1
Cmd: compileSnippet
  api=4 type=1 insize=2279 outsize=632 kw= ok=1
Cmd: compileSnippet
  api=4 type=0 insize=4561 outsize=3159 kw=LIGHTMAP_OFF DIRLIGHTMAP_OFF HDR_LIGHT_PREPASS_OFF ok=1
Cmd: compileSnippet
  api=4 type=1 insize=4561 outsize=1827 kw=LIGHTMAP_OFF DIRLIGHTMAP_OFF HDR_LIGHT_PREPASS_OFF ok=1
Cmd: preprocess
  insize=1243 outsize=312 ok=1
Cmd: compileSnippet
  api=4 type=0 insize=1189 outsize=1558 kw= ok=1
Cmd: compileSnippet
  api=4 type=1 insize=1189 outsize=1372 kw= ok=1
Cmd: preprocess
  insize=1296 outsize=429 ok=1
Cmd: compileSnippet
  api=4 type=0 insize=1131 outsize=990 kw= ok=1
Cmd: compileSnippet
  api=4 type=1 insize=1131 outsize=1615 kw= ok=1
Cmd: preprocess
  error: 2 plat 12 at (57): Can't find include file frag_ao.cginc
  error: 2 plat 12 at (60): Can't find include file frag_ao.cginc
  error: 2 plat 12 at (63): Can't find include file frag_ao.cginc
  error: 2 plat 12 at (66): Can't find include file frag_ao.cginc
  error: 2 plat 12 at (70): Can't find include file frag_ao.cginc
  error: 2 plat 12 at (141): Can't find include file frag_ao.cginc
  error: 2 plat 12 at (144): Can't find include file frag_ao.cginc
  error: 2 plat 12 at (147): Can't find include file frag_ao.cginc
  error: 2 plat 12 at (150): Can't find include file frag_ao.cginc
  error: 2 plat 12 at (154): Can't find include file frag_ao.cginc
  error: 2 plat 12 at (231): Can't find include file frag_ao.cginc
  error: 2 plat 12 at (234): Can't find include file frag_ao.cginc
  error: 2 plat 12 at (237): Can't find include file frag_ao.cginc
  error: 2 plat 12 at (240): Can't find include file frag_ao.cginc
  error: 2 plat 12 at (244): Can't find include file frag_ao.cginc
  error: 2 plat 12 at (332): Can't find include file frag_ao.cginc
  error: 2 plat 12 at (335): Can't find include file frag_ao.cginc
  error: 2 plat 12 at (338): Can't find include file frag_ao.cginc
  error: 2 plat 12 at (341): Can't find include file frag_ao.cginc
  error: 2 plat 12 at (345): Can't find include file frag_ao.cginc
  error: 2 plat 12 at (460): Can't find include file frag_ao.cginc
  error: 2 plat 12 at (463): Can't find include file frag_ao.cginc
  error: 2 plat 12 at (466): Can't find include file frag_ao.cginc
  error: 2 plat 12 at (469): Can't find include file frag_ao.cginc
  error: 2 plat 12 at (473): Can't find include file frag_ao.cginc
  insize=6831 outsize=843 ok=0
Cmd: preprocess
  insize=1235 outsize=333 ok=1
Cmd: compileSnippet
  api=4 type=0 insize=1164 outsize=1737 kw= ok=1
Cmd: compileSnippet
  api=4 type=1 insize=1164 outsize=1396 kw= ok=1
Cmd: preprocess
  insize=13355 outsize=2701 ok=1
Cmd: compileSnippet
  api=4 type=0 insize=10214 outsize=5369 kw=WATER_REFLECTIVE WATER_VERTEX_DISPLACEMENT_ON WATER_EDGEBLEND_ON ok=1
Cmd: compileSnippet
  api=4 type=1 insize=10214 outsize=5897 kw=WATER_REFLECTIVE WATER_VERTEX_DISPLACEMENT_ON WATER_EDGEBLEND_ON ok=1
Cmd: compileSnippet
  api=4 type=0 insize=10218 outsize=4979 kw=WATER_REFLECTIVE WATER_VERTEX_DISPLACEMENT_ON WATER_EDGEBLEND_ON ok=1
Cmd: compileSnippet
  api=4 type=1 insize=10218 outsize=4483 kw=WATER_REFLECTIVE WATER_VERTEX_DISPLACEMENT_ON WATER_EDGEBLEND_ON ok=1
Cmd: compileSnippet
  api=4 type=0 insize=9960 outsize=1875 kw= ok=1
Cmd: compileSnippet
  api=4 type=1 insize=9960 outsize=3070 kw= ok=1
Cmd: preprocess
  insize=1097 outsize=900 ok=1
Cmd: compileSnippet
  api=4 type=0 insize=4871 outsize=2607 kw=DIRECTIONAL SHADOWS_OFF LIGHTMAP_OFF DIRLIGHTMAP_OFF ok=1
Cmd: compileSnippet
  api=4 type=1 insize=4871 outsize=1453 kw=DIRECTIONAL SHADOWS_OFF LIGHTMAP_OFF DIRLIGHTMAP_OFF ok=1
Cmd: compileSnippet
  api=4 type=0 insize=2847 outsize=2875 kw=POINT ok=1
Cmd: compileSnippet
  api=4 type=1 insize=2847 outsize=1810 kw=POINT ok=1
Cmd: preprocess
  insize=2754 outsize=812 ok=1
Cmd: compileSnippet
  api=4 type=0 insize=1965 outsize=1339 kw= ok=1
Cmd: compileSnippet
  api=4 type=1 insize=1965 outsize=1201 kw= ok=1
Cmd: compileSnippet
  api=4 type=0 insize=1963 outsize=1339 kw= ok=1
Cmd: compileSnippet
  api=4 type=1 insize=1963 outsize=933 kw= ok=1
Cmd: compileSnippet
  api=4 type=0 insize=1976 outsize=1640 kw= ok=1
Cmd: compileSnippet
  api=4 type=1 insize=1976 outsize=1307 kw= ok=1
Cmd: compileSnippet
  api=4 type=0 insize=1974 outsize=1339 kw= ok=1
Cmd: compileSnippet
  api=4 type=1 insize=1974 outsize=852 kw= ok=1
Cmd: preprocess
  insize=1027 outsize=323 ok=1
Cmd: compileSnippet
  api=4 type=0 insize=968 outsize=990 kw= ok=1
Cmd: compileSnippet
  api=4 type=1 insize=968 outsize=990 kw= ok=1
Cmd: preprocess
  insize=1443 outsize=406 ok=1
Cmd: compileSnippet
  api=4 type=0 insize=1295 outsize=1632 kw= ok=1
Cmd: compileSnippet
  api=4 type=1 insize=1295 outsize=1437 kw= ok=1
Cmd: preprocess
  insize=1502 outsize=370 ok=1
Cmd: compileSnippet
  api=4 type=0 insize=1379 outsize=1688 kw= ok=1
Cmd: compileSnippet
  api=4 type=1 insize=1379 outsize=965 kw= ok=1
Cmd: preprocess
  insize=1761 outsize=749 ok=1
Cmd: compileSnippet
  api=4 type=0 insize=1287 outsize=1827 kw= ok=1
Cmd: compileSnippet
  api=4 type=1 insize=1287 outsize=1355 kw= ok=1
Cmd: preprocess
  insize=2379 outsize=1092 ok=1
Cmd: compileSnippet
  api=4 type=0 insize=1534 outsize=1274 kw=SOFTPARTICLES_OFF ok=1
Cmd: compileSnippet
  api=4 type=1 insize=1534 outsize=908 kw=SOFTPARTICLES_OFF ok=1
Cmd: preprocess
  insize=1465 outsize=363 ok=1
Cmd: compileSnippet
  api=4 type=0 insize=1359 outsize=1485 kw= ok=1
Cmd: compileSnippet
  api=4 type=1 insize=1359 outsize=1502 kw= ok=1
Cmd: preprocess
  insize=1338 outsize=347 ok=1
Cmd: compileSnippet
  api=4 type=0 insize=1244 outsize=1298 kw= ok=1
Cmd: compileSnippet
  api=4 type=1 insize=1244 outsize=1428 kw= ok=1
Cmd: preprocess
  insize=2401 outsize=673 ok=1
Cmd: compileSnippet
  api=4 type=0 insize=1968 outsize=1428 kw= ok=1
Cmd: compileSnippet
  api=4 type=1 insize=1968 outsize=2867 kw= ok=1
Cmd: preprocess
  insize=1019 outsize=289 ok=1
Cmd: compileSnippet
  api=4 type=0 insize=994 outsize=1055 kw= ok=1
Cmd: compileSnippet
  api=4 type=1 insize=994 outsize=1217 kw= ok=1
Cmd: preprocess
  insize=829 outsize=338 ok=1
Cmd: compileSnippet
  api=4 type=0 insize=772 outsize=1128 kw= ok=1
Cmd: compileSnippet
  api=4 type=1 insize=772 outsize=1103 kw= ok=1
Cmd: preprocess
  insize=2340 outsize=1021 ok=1
Cmd: compileSnippet
  api=4 type=0 insize=1561 outsize=1274 kw=SOFTPARTICLES_OFF ok=1
Cmd: compileSnippet
  api=4 type=1 insize=1561 outsize=852 kw=SOFTPARTICLES_OFF ok=1
Cmd: preprocess
  insize=33465 outsize=288 ok=1
Cmd: compileSnippet
  api=4 type=0 insize=32665 outsize=990 kw= ok=1
Cmd: compileSnippet
  api=4 type=1 insize=32665 outsize=10748 kw= ok=1
Cmd: preprocess
  insize=1282 outsize=279 ok=1
Cmd: compileSnippet
  api=4 type=0 insize=1258 outsize=1258 kw= ok=1
Cmd: compileSnippet
  api=4 type=1 insize=1258 outsize=1437 kw= ok=1
Cmd: preprocess
  insize=3754 outsize=743 ok=1
Cmd: compileSnippet
  api=4 type=0 insize=2929 outsize=1843 kw= ok=1
Cmd: compileSnippet
  api=4 type=1 insize=2929 outsize=2298 kw= ok=1
Cmd: compileSnippet
  api=4 type=0 insize=2920 outsize=1843 kw= ok=1
Cmd: compileSnippet
  api=4 type=1 insize=2920 outsize=1705 kw= ok=1
Cmd: compileSnippet
  api=4 type=0 insize=2919 outsize=1843 kw= ok=1
Cmd: compileSnippet
  api=4 type=1 insize=2919 outsize=1753 kw= ok=1
Cmd: compileSnippet
  api=4 type=0 insize=2931 outsize=1843 kw= ok=1
Cmd: compileSnippet
  api=4 type=1 insize=2931 outsize=2233 kw= ok=1
Cmd: preprocess
  insize=1059 outsize=268 ok=1
Cmd: compileSnippet
  api=4 type=0 insize=1053 outsize=1534 kw= ok=1
Cmd: compileSnippet
  api=4 type=1 insize=1053 outsize=1144 kw= ok=1
Cmd: preprocess
  insize=5588 outsize=1882 ok=1
Cmd: compileSnippet
  api=4 type=0 insize=3203 outsize=1339 kw= ok=1
Cmd: compileSnippet
  api=4 type=1 insize=3203 outsize=1160 kw= ok=1
Cmd: compileSnippet
  api=4 type=0 insize=3201 outsize=1339 kw= ok=1
Cmd: compileSnippet
  api=4 type=1 insize=3201 outsize=933 kw= ok=1
Cmd: compileSnippet
  api=4 type=0 insize=3217 outsize=1753 kw= ok=1
Cmd: compileSnippet
  api=4 type=1 insize=3217 outsize=1428 kw= ok=1
Cmd: compileSnippet
  api=4 type=0 insize=3209 outsize=1339 kw= ok=1
Cmd: compileSnippet
  api=4 type=1 insize=3209 outsize=852 kw= ok=1
Cmd: compileSnippet
  api=4 type=0 insize=3209 outsize=1339 kw= ok=1
Cmd: compileSnippet
  api=4 type=1 insize=3209 outsize=1160 kw= ok=1
Cmd: compileSnippet
  api=4 type=0 insize=3206 outsize=1339 kw= ok=1
Cmd: compileSnippet
  api=4 type=1 insize=3206 outsize=933 kw= ok=1
Cmd: compileSnippet
  api=4 type=0 insize=3218 outsize=1753 kw= ok=1
Cmd: compileSnippet
  api=4 type=1 insize=3218 outsize=1355 kw= ok=1
Cmd: compileSnippet
  api=4 type=0 insize=3211 outsize=1339 kw= ok=1
Cmd: compileSnippet
  api=4 type=1 insize=3211 outsize=770 kw= ok=1
Cmd: compileSnippet
  api=4 type=0 insize=3204 outsize=1339 kw= ok=1
Cmd: compileSnippet
  api=4 type=1 insize=3204 outsize=559 kw= ok=1
Cmd: compileSnippet
  api=4 type=0 insize=3208 outsize=1339 kw= ok=1
Cmd: compileSnippet
  api=4 type=1 insize=3208 outsize=762 kw= ok=1
Cmd: compileSnippet
  api=4 type=0 insize=3203 outsize=1339 kw= ok=1
Cmd: compileSnippet
  api=4 type=1 insize=3203 outsize=648 kw= ok=1
Cmd: preprocess
  insize=584 outsize=192 ok=1
Cmd: compileSnippet
  api=4 type=0 insize=665 outsize=1136 kw= ok=1
Cmd: compileSnippet
  api=4 type=1 insize=665 outsize=713 kw= ok=1
Cmd: preprocess
  insize=678 outsize=208 ok=1
Cmd: compileSnippet
  api=4 type=0 insize=745 outsize=1550 kw= ok=1
Cmd: compileSnippet
  api=4 type=1 insize=745 outsize=510 kw= ok=1
Cmd: preprocess
  insize=11872 outsize=2007 ok=1
Cmd: compileSnippet
  api=4 type=0 insize=8894 outsize=990 kw= ok=1
Cmd: compileSnippet
  api=4 type=1 insize=8894 outsize=2152 kw= ok=1
Cmd: compileSnippet
  api=4 type=0 insize=8886 outsize=990 kw= ok=1
Cmd: compileSnippet
  api=4 type=1 insize=8886 outsize=843 kw= ok=1
Cmd: compileSnippet
  api=4 type=0 insize=8894 outsize=990 kw= ok=1
Cmd: compileSnippet
  api=4 type=1 insize=8894 outsize=2460 kw= ok=1
Cmd: compileSnippet
  api=4 type=0 insize=8900 outsize=990 kw= ok=1
Cmd: compileSnippet
  api=4 type=1 insize=8900 outsize=3671 kw= ok=1
Cmd: compileSnippet
  api=4 type=0 insize=8910 outsize=990 kw= ok=1
Cmd: compileSnippet
  api=4 type=1 insize=8910 outsize=5970 kw= ok=1
Cmd: compileSnippet
  api=4 type=0 insize=8898 outsize=990 kw= ok=1
Cmd: compileSnippet
  api=4 type=1 insize=8898 outsize=1615 kw= ok=1
Cmd: compileSnippet
  api=4 type=0 insize=8904 outsize=990 kw= ok=1
Cmd: compileSnippet
  api=4 type=1 insize=8904 outsize=3013 kw= ok=1
Cmd: preprocess
  insize=2926 outsize=568 ok=1
Cmd: compileSnippet
  api=4 type=0 insize=2462 outsize=665 kw= ok=1
Cmd: compileSnippet
  api=4 type=1 insize=2462 outsize=4524 kw= ok=1
Cmd: compileSnippet
  api=4 type=0 insize=422 outsize=665 kw= ok=1
Cmd: compileSnippet
  api=4 type=1 insize=422 outsize=510 kw= ok=1
Cmd: preprocess
  insize=1097 outsize=378 ok=1
Cmd: compileSnippet
  api=4 type=0 insize=985 outsize=990 kw= ok=1
Cmd: compileSnippet
  api=4 type=1 insize=985 outsize=1038 kw= ok=1
Cmd: preprocess
  insize=11868 outsize=2702 ok=1
Cmd: compileSnippet
  api=4 type=0 insize=8606 outsize=1298 kw= ok=1
Cmd: compileSnippet
  api=4 type=1 insize=8606 outsize=4459 kw= ok=1
Cmd: compileSnippet
  api=4 type=0 insize=8611 outsize=1298 kw= ok=1
Cmd: compileSnippet
  api=4 type=1 insize=8611 outsize=2542 kw= ok=1
Cmd: compileSnippet
  api=4 type=0 insize=8610 outsize=1298 kw= ok=1
Cmd: compileSnippet
  api=4 type=1 insize=8610 outsize=876 kw= ok=1
Cmd: compileSnippet
  api=4 type=0 insize=8615 outsize=1298 kw= ok=1
Cmd: compileSnippet
  api=4 type=1 insize=8615 outsize=1729 kw= ok=1
Cmd: compileSnippet
  api=4 type=0 insize=8614 outsize=1298 kw= ok=1
Cmd: compileSnippet
  api=4 type=1 insize=8614 outsize=1331 kw= ok=1
Cmd: preprocess
  insize=12504 outsize=2576 ok=1
Cmd: compileSnippet
  api=4 type=0 insize=9500 outsize=5020 kw=WATER_REFLECTIVE WATER_VERTEX_DISPLACEMENT_ON WATER_EDGEBLEND_ON ok=1
Cmd: compileSnippet
  api=4 type=1 insize=9500 outsize=5003 kw=WATER_REFLECTIVE WATER_VERTEX_DISPLACEMENT_ON WATER_EDGEBLEND_ON ok=1
Cmd: compileSnippet
  api=4 type=0 insize=9504 outsize=4727 kw=WATER_REFLECTIVE WATER_VERTEX_DISPLACEMENT_ON WATER_EDGEBLEND_ON ok=1
Cmd: compileSnippet
  api=4 type=1 insize=9504 outsize=4215 kw=WATER_REFLECTIVE WATER_VERTEX_DISPLACEMENT_ON WATER_EDGEBLEND_ON ok=1
Cmd: compileSnippet
  api=4 type=0 insize=9246 outsize=1835 kw= ok=1
Cmd: compileSnippet
  api=4 type=1 insize=9246 outsize=3070 kw= ok=1
Cmd: preprocess
  insize=6532 outsize=797 ok=1
Cmd: compileSnippet
  api=4 type=0 insize=5326 outsize=1859 kw= ok=1
Cmd: compileSnippet
  api=4 type=1 insize=5326 outsize=4020 kw= ok=1
Cmd: compileSnippet
  api=4 type=0 insize=5335 outsize=1859 kw= ok=1
Cmd: compileSnippet
  api=4 type=1 insize=5335 outsize=3135 kw= ok=1
Cmd: compileSnippet
  api=4 type=0 insize=5329 outsize=1859 kw= ok=1
Cmd: compileSnippet
  api=4 type=1 insize=5329 outsize=3167 kw= ok=1
Cmd: compileSnippet
  api=4 type=0 insize=5340 outsize=1859 kw= ok=1
Cmd: compileSnippet
  api=4 type=1 insize=5340 outsize=2347 kw= ok=1
Cmd: compileSnippet
  api=4 type=0 insize=5335 outsize=1859 kw= ok=1
Cmd: compileSnippet
  api=4 type=1 insize=5335 outsize=1908 kw= ok=1
Cmd: preprocess
  insize=4254 outsize=230 ok=1
Cmd: compileSnippet
  api=4 type=0 insize=4197 outsize=665 kw=DIRECTIONAL_SHAFTS COLORED_ON ATTENUATION_CURVE_ON COOKIE_TEX_ON ok=1
Cmd: compileSnippet
  api=4 type=1 insize=4197 outsize=5629 kw=DIRECTIONAL_SHAFTS COLORED_ON ATTENUATION_CURVE_ON COOKIE_TEX_ON ok=1
Cmd: preprocess
  insize=2965 outsize=825 ok=1
Cmd: compileSnippet
  api=4 type=0 insize=2099 outsize=1339 kw= ok=1
Cmd: compileSnippet
  api=4 type=1 insize=2099 outsize=933 kw= ok=1
Cmd: compileSnippet
  api=4 type=0 insize=2100 outsize=1339 kw= ok=1
Cmd: compileSnippet
  api=4 type=1 insize=2100 outsize=1160 kw= ok=1
Cmd: compileSnippet
  api=4 type=0 insize=2103 outsize=1339 kw= ok=1
Cmd: compileSnippet
  api=4 type=1 insize=2103 outsize=973 kw= ok=1
Cmd: compileSnippet
  api=4 type=0 insize=2102 outsize=1339 kw= ok=1
Cmd: compileSnippet
  api=4 type=1 insize=2102 outsize=1973 kw= ok=1
Cmd: compileSnippet
  api=4 type=0 insize=2105 outsize=1339 kw= ok=1
Cmd: compileSnippet
  api=4 type=1 insize=2105 outsize=957 kw= ok=1
Cmd: preprocess
  insize=8546 outsize=1167 ok=1
Cmd: compileSnippet
  api=4 type=0 insize=6257 outsize=1298 kw= ok=1
Cmd: compileSnippet
  api=4 type=1 insize=6257 outsize=1632 kw= ok=1
Cmd: compileSnippet
  api=4 type=0 insize=6261 outsize=1298 kw= ok=1
Cmd: compileSnippet
  api=4 type=1 insize=6261 outsize=1168 kw= ok=1
Cmd: compileSnippet
  api=4 type=0 insize=6270 outsize=1558 kw= ok=1
Cmd: compileSnippet
  api=4 type=1 insize=6270 outsize=2566 kw= ok=1
Cmd: compileSnippet
  api=4 type=0 insize=6264 outsize=1558 kw= ok=1
Cmd: compileSnippet
  api=4 type=1 insize=6264 outsize=2127 kw= ok=1
Cmd: compileSnippet
  api=4 type=0 insize=6262 outsize=1298 kw= ok=1
Cmd: compileSnippet
  api=4 type=1 insize=6262 outsize=1290 kw= ok=1
Cmd: compileSnippet
  api=4 type=0 insize=6266 outsize=1298 kw= ok=1
Cmd: compileSnippet
  api=4 type=1 insize=6266 outsize=1802 kw= ok=1
Cmd: compileSnippet
  api=4 type=0 insize=6270 outsize=1558 kw= ok=1
Cmd: compileSnippet
  api=4 type=1 insize=6270 outsize=2517 kw= ok=1
Cmd: compileSnippet
  api=4 type=0 insize=6256 outsize=1298 kw= ok=1
Cmd: compileSnippet
  api=4 type=1 insize=6256 outsize=852 kw= ok=1
Cmd: preprocess
  insize=2525 outsize=1217 ok=1
Cmd: compileSnippet
  api=4 type=0 insize=1556 outsize=1567 kw= ok=1
Cmd: compileSnippet
  api=4 type=1 insize=1556 outsize=1493 kw= ok=1
Cmd: preprocess
  insize=1034 outsize=465 ok=1
Cmd: compileSnippet
  api=4 type=0 insize=841 outsize=1128 kw= ok=1
Cmd: compileSnippet
  api=4 type=1 insize=841 outsize=778 kw= ok=1
Cmd: preprocess
  insize=14335 outsize=2775 ok=1
Cmd: compileSnippet
  api=4 type=0 insize=10227 outsize=990 kw= ok=1
Cmd: compileSnippet
  api=4 type=1 insize=10227 outsize=1177 kw= ok=1
Cmd: compileSnippet
  api=4 type=0 insize=10227 outsize=990 kw= ok=1
Cmd: compileSnippet
  api=4 type=1 insize=10227 outsize=1615 kw= ok=1
Cmd: compileSnippet
  api=4 type=0 insize=10227 outsize=990 kw= ok=1
Cmd: compileSnippet
  api=4 type=1 insize=10227 outsize=1688 kw= ok=1
Cmd: compileSnippet
  api=4 type=0 insize=10210 outsize=990 kw= ok=1
Cmd: compileSnippet
  api=4 type=1 insize=10210 outsize=1209 kw= ok=1
Cmd: compileSnippet
  api=4 type=0 insize=10229 outsize=990 kw= ok=1
Cmd: compileSnippet
  api=4 type=1 insize=10229 outsize=1339 kw= ok=1
Cmd: compileSnippet
  api=4 type=0 insize=10210 outsize=990 kw= ok=1
Cmd: compileSnippet
  api=4 type=1 insize=10210 outsize=1607 kw= ok=1
Cmd: compileSnippet
  api=4 type=0 insize=10255 outsize=1347 kw= ok=1
Cmd: compileSnippet
  api=4 type=1 insize=10255 outsize=1851 kw= ok=1
Cmd: compileSnippet
  api=4 type=0 insize=10209 outsize=990 kw= ok=1
Cmd: compileSnippet
  api=4 type=1 insize=10209 outsize=510 kw= ok=1
Cmd: compileSnippet
  api=4 type=0 insize=10213 outsize=990 kw= ok=1
Cmd: compileSnippet
  api=4 type=1 insize=10213 outsize=600 kw= ok=1
Cmd: compileSnippet
  api=4 type=0 insize=10235 outsize=2160 kw= ok=1
Cmd: compileSnippet
  api=4 type=1 insize=10235 outsize=2923 kw= ok=1
Cmd: compileSnippet
  api=4 type=0 insize=10229 outsize=2160 kw= ok=1
Cmd: compileSnippet
  api=4 type=1 insize=10229 outsize=3086 kw= ok=1
Cmd: compileSnippet
  api=4 type=0 insize=10235 outsize=2160 kw= ok=1
Cmd: compileSnippet
  api=4 type=1 insize=10235 outsize=2923 kw= ok=1
Cmd: preprocess
  insize=2048 outsize=516 ok=1
Cmd: compileSnippet
  api=4 type=0 insize=1736 outsize=990 kw= ok=1
Cmd: compileSnippet
  api=4 type=1 insize=1736 outsize=1599 kw= ok=1
Cmd: compileSnippet
  api=4 type=0 insize=1749 outsize=990 kw= ok=1
Cmd: compileSnippet
  api=4 type=1 insize=1749 outsize=1550 kw= ok=1
Cmd: preprocess
  insize=1654 outsize=1035 ok=1
Cmd: compileSnippet
  api=4 type=0 insize=867 outsize=1599 kw= ok=1
Cmd: compileSnippet
  api=4 type=1 insize=867 outsize=502 kw= ok=1
Cmd: preprocess
  insize=3104 outsize=1734 ok=1
Cmd: compileSnippet
  api=4 type=0 insize=1612 outsize=2005 kw= ok=1
Cmd: compileSnippet
  api=4 type=1 insize=1612 outsize=2070 kw= ok=1
Cmd: preprocess
  insize=1764 outsize=320 ok=1
Cmd: compileSnippet
  api=4 type=0 insize=1695 outsize=1737 kw= ok=1
Cmd: compileSnippet
  api=4 type=1 insize=1695 outsize=2355 kw= ok=1
Cmd: preprocess
  insize=708 outsize=708 ok=1
Cmd: preprocess
  insize=743 outsize=743 ok=1
Cmd: preprocess
  insize=28296 outsize=4971 ok=1
Cmd: compileSnippet
  api=4 type=0 insize=19247 outsize=1298 kw= ok=1
Cmd: compileSnippet
  api=4 type=1 insize=19247 outsize=1420 kw= ok=1
Cmd: compileSnippet
  api=4 type=0 insize=19254 outsize=2095 kw= ok=1
Cmd: compileSnippet
  api=4 type=1 insize=19254 outsize=3915 kw= ok=1
Cmd: compileSnippet
  api=4 type=0 insize=19258 outsize=2095 kw= ok=1
Cmd: compileSnippet
  api=4 type=1 insize=19258 outsize=7571 kw= ok=1
Cmd: compileSnippet
  api=4 type=0 insize=19237 outsize=1298 kw= ok=1
Cmd: compileSnippet
  api=4 type=1 insize=19237 outsize=648 kw= ok=1
Cmd: compileSnippet
  api=4 type=0 insize=19253 outsize=1298 kw= ok=1
Cmd: compileSnippet
  api=4 type=1 insize=19253 outsize=1412 kw= ok=1
Cmd: compileSnippet
  api=4 type=0 insize=19240 outsize=1298 kw= ok=1
Cmd: compileSnippet
  api=4 type=1 insize=19240 outsize=2558 kw= ok=1
Cmd: compileSnippet
  api=4 type=0 insize=19251 outsize=1298 kw= ok=1
Cmd: compileSnippet
  api=4 type=1 insize=19251 outsize=2095 kw= ok=1
Cmd: compileSnippet
  api=4 type=0 insize=19247 outsize=1298 kw= ok=1
Cmd: compileSnippet
  api=4 type=1 insize=19247 outsize=827 kw= ok=1
Cmd: compileSnippet
  api=4 type=0 insize=19257 outsize=1298 kw= ok=1
Cmd: compileSnippet
  api=4 type=1 insize=19257 outsize=1485 kw= ok=1
Cmd: compileSnippet
  api=4 type=0 insize=19250 outsize=1298 kw= ok=1
Cmd: compileSnippet
  api=4 type=1 insize=19250 outsize=1217 kw= ok=1
Cmd: compileSnippet
  api=4 type=0 insize=19257 outsize=1298 kw= ok=1
Cmd: compileSnippet
  api=4 type=1 insize=19257 outsize=1802 kw= ok=1
Cmd: compileSnippet
  api=4 type=0 insize=19245 outsize=1298 kw= ok=1
Cmd: compileSnippet
  api=4 type=1 insize=19245 outsize=3086 kw= ok=1
Cmd: compileSnippet
  api=4 type=0 insize=19254 outsize=1298 kw= ok=1
Cmd: compileSnippet
  api=4 type=1 insize=19254 outsize=3484 kw= ok=1
Cmd: compileSnippet
  api=4 type=0 insize=19241 outsize=1298 kw= ok=1
Cmd: compileSnippet
  api=4 type=1 insize=19241 outsize=1542 kw= ok=1
Cmd: compileSnippet
  api=4 type=0 insize=19256 outsize=1298 kw= ok=1
Cmd: compileSnippet
  api=4 type=1 insize=19256 outsize=1030 kw= ok=1
Cmd: compileSnippet
  api=4 type=0 insize=19246 outsize=1298 kw= ok=1
Cmd: compileSnippet
  api=4 type=1 insize=19246 outsize=1388 kw= ok=1
Cmd: compileSnippet
  api=4 type=0 insize=19239 outsize=1298 kw= ok=1
Cmd: compileSnippet
  api=4 type=1 insize=19239 outsize=843 kw= ok=1
Cmd: compileSnippet
  api=4 type=0 insize=19247 outsize=1298 kw= ok=1
Cmd: compileSnippet
  api=4 type=1 insize=19247 outsize=3842 kw= ok=1
Cmd: compileSnippet
  api=4 type=0 insize=19255 outsize=1298 kw= ok=1
Cmd: compileSnippet
  api=4 type=1 insize=19255 outsize=3744 kw= ok=1
Cmd: compileSnippet
  api=4 type=0 insize=19265 outsize=2095 kw= ok=1
Cmd: compileSnippet
  api=4 type=1 insize=19265 outsize=4654 kw= ok=1
Cmd: compileSnippet
  api=4 type=0 insize=19243 outsize=1298 kw= ok=1
Cmd: compileSnippet
  api=4 type=1 insize=19243 outsize=762 kw= ok=1
Cmd: compileSnippet
  api=4 type=0 insize=19245 outsize=1298 kw= ok=1
Cmd: compileSnippet
  api=4 type=1 insize=19245 outsize=2558 kw= ok=1
Cmd: compileSnippet
  api=4 type=0 insize=19262 outsize=1298 kw= ok=1
Cmd: compileSnippet
  api=4 type=1 insize=19262 outsize=648 kw= ok=1
Cmd: preprocess
  insize=4266 outsize=584 ok=1
Cmd: compileSnippet
  api=4 type=0 insize=3753 outsize=1737 kw= ok=1
Cmd: compileSnippet
  api=4 type=1 insize=3753 outsize=2932 kw= ok=1
Cmd: compileSnippet
  api=4 type=0 insize=3766 outsize=1737 kw= ok=1
Cmd: compileSnippet
  api=4 type=1 insize=3766 outsize=1778 kw= ok=1
Cmd: compileSnippet
  api=4 type=0 insize=3757 outsize=1737 kw= ok=1
Cmd: compileSnippet
  api=4 type=1 insize=3757 outsize=2038 kw= ok=1
Cmd: preprocess
  insize=2379 outsize=1258 ok=1
Cmd: compileSnippet
  api=4 type=0 insize=1310 outsize=2103 kw= ok=1
Cmd: compileSnippet
  api=4 type=1 insize=1310 outsize=1583 kw= ok=1
Cmd: preprocess
  insize=1823 outsize=317 ok=1
Cmd: compileSnippet
  api=4 type=0 insize=1742 outsize=1713 kw= ok=1
Cmd: compileSnippet
  api=4 type=1 insize=1742 outsize=3248 kw= ok=1
Cmd: preprocess
  insize=1228 outsize=198 ok=1
Cmd: compileSnippet
  api=4 type=0 insize=1282 outsize=665 kw= ok=1
Cmd: compileSnippet
  api=4 type=1 insize=1282 outsize=2395 kw= ok=1
Cmd: preprocess
  insize=1088 outsize=373 ok=1
Cmd: compileSnippet
  api=4 type=0 insize=977 outsize=990 kw= ok=1
Cmd: compileSnippet
  api=4 type=1 insize=977 outsize=1282 kw= ok=1
Cmd: preprocess
  insize=1199 outsize=486 ok=1
Cmd: compileSnippet
  api=4 type=0 insize=940 outsize=990 kw= ok=1
Cmd: compileSnippet
  api=4 type=1 insize=940 outsize=949 kw= ok=1
Cmd: compileSnippet
  api=4 type=0 insize=946 outsize=990 kw= ok=1
Cmd: compileSnippet
  api=4 type=1 insize=946 outsize=1006 kw= ok=1
Cmd: preprocess
  insize=777 outsize=284 ok=1
Cmd: compileSnippet
  api=4 type=0 insize=771 outsize=1128 kw= ok=1
Cmd: compileSnippet
  api=4 type=1 insize=771 outsize=819 kw= ok=1
Cmd: preprocess
  insize=6084 outsize=913 ok=1
Cmd: compileSnippet
  api=4 type=0 insize=4926 outsize=1558 kw= ok=1
Cmd: compileSnippet
  api=4 type=1 insize=4926 outsize=2135 kw= ok=1
Cmd: compileSnippet
  api=4 type=0 insize=4929 outsize=1558 kw= ok=1
Cmd: compileSnippet
  api=4 type=1 insize=4929 outsize=1640 kw= ok=1
Cmd: compileSnippet
  api=4 type=0 insize=4933 outsize=1558 kw= ok=1
Cmd: compileSnippet
  api=4 type=1 insize=4933 outsize=1802 kw= ok=1
Cmd: compileSnippet
  api=4 type=0 insize=4942 outsize=990 kw= ok=1
Cmd: compileSnippet
  api=4 type=1 insize=4942 outsize=1038 kw= ok=1
Cmd: compileSnippet
  api=4 type=0 insize=4923 outsize=1558 kw= ok=1
Cmd: compileSnippet
  api=4 type=1 insize=4923 outsize=2135 kw= ok=1
Cmd: preprocess
  insize=5846 outsize=800 ok=1
Cmd: compileSnippet
  api=4 type=0 insize=4669 outsize=990 kw= ok=1
Cmd: compileSnippet
  api=4 type=1 insize=4669 outsize=811 kw= ok=1
Cmd: compileSnippet
  api=4 type=0 insize=4674 outsize=2135 kw= ok=1
Cmd: compileSnippet
  api=4 type=1 insize=4674 outsize=1835 kw= ok=1
Cmd: compileSnippet
  api=4 type=0 insize=4684 outsize=2143 kw= ok=1
Cmd: compileSnippet
  api=4 type=1 insize=4684 outsize=2395 kw= ok=1
Cmd: compileSnippet
  api=4 type=0 insize=4679 outsize=2143 kw= ok=1
Cmd: compileSnippet
  api=4 type=1 insize=4679 outsize=2030 kw= ok=1
Cmd: compileSnippet
  api=4 type=0 insize=4685 outsize=1737 kw= ok=1
Cmd: compileSnippet
  api=4 type=1 insize=4685 outsize=2355 kw= ok=1
Cmd: preprocess
  insize=622 outsize=382 ok=1
Cmd: compileSnippet
  api=4 type=0 insize=528 outsize=1128 kw= ok=1
Cmd: compileSnippet
  api=4 type=1 insize=528 outsize=868 kw= ok=1
Cmd: preprocess
  insize=7587 outsize=975 ok=1
Cmd: compileSnippet
  api=4 type=0 insize=5672 outsize=1298 kw= ok=1
Cmd: compileSnippet
  api=4 type=1 insize=5672 outsize=795 kw= ok=1
Cmd: compileSnippet
  api=4 type=0 insize=5672 outsize=1298 kw= ok=1
Cmd: compileSnippet
  api=4 type=1 insize=5672 outsize=892 kw= ok=1
Cmd: compileSnippet
  api=4 type=0 insize=5666 outsize=1298 kw= ok=1
Cmd: compileSnippet
  api=4 type=1 insize=5666 outsize=2623 kw= ok=1
Cmd: compileSnippet
  api=4 type=0 insize=5665 outsize=1298 kw= ok=1
Cmd: compileSnippet
  api=4 type=1 insize=5665 outsize=2777 kw= ok=1
Cmd: compileSnippet
  api=4 type=0 insize=5668 outsize=1298 kw= ok=1
Cmd: compileSnippet
  api=4 type=1 insize=5668 outsize=2891 kw= ok=1
Cmd: compileSnippet
  api=4 type=0 insize=5668 outsize=1298 kw= ok=1
Cmd: compileSnippet
  api=4 type=1 insize=5668 outsize=2948 kw= ok=1
Cmd: compileSnippet
  api=4 type=0 insize=5670 outsize=1298 kw= ok=1
Cmd: compileSnippet
  api=4 type=1 insize=5670 outsize=998 kw= ok=1
Cmd: preprocess
  insize=33474 outsize=288 ok=1
Cmd: compileSnippet
  api=4 type=0 insize=32675 outsize=990 kw= ok=1
Cmd: compileSnippet
  api=4 type=1 insize=32675 outsize=10683 kw= ok=1
Cmd: preprocess
  insize=5321 outsize=1789 ok=1
Cmd: compileSnippet
  api=4 type=0 insize=3712 outsize=1753 kw= ok=1
Cmd: compileSnippet
  api=4 type=1 insize=3712 outsize=4557 kw= ok=1
Cmd: preprocess
  insize=743 outsize=743 ok=1
Cmd: preprocess
  insize=2379 outsize=1086 ok=1
Cmd: compileSnippet
  api=4 type=0 insize=1537 outsize=1274 kw=SOFTPARTICLES_OFF ok=1
Cmd: compileSnippet
  api=4 type=1 insize=1537 outsize=908 kw=SOFTPARTICLES_OFF ok=1
Cmd: preprocess
  insize=6991 outsize=271 ok=1
Cmd: compileSnippet
  api=4 type=0 insize=6848 outsize=1380 kw= ok=1
Cmd: compileSnippet
  api=4 type=1 insize=6848 outsize=4418 kw= ok=1
Cmd: preprocess
  insize=4684 outsize=585 ok=1
Cmd: compileSnippet
  api=4 type=0 insize=4181 outsize=2200 kw= ok=1
Cmd: compileSnippet
  api=4 type=1 insize=4181 outsize=4297 kw= ok=1
Cmd: compileSnippet
  api=4 type=0 insize=4186 outsize=2200 kw= ok=1
Cmd: compileSnippet
  api=4 type=1 insize=4186 outsize=3362 kw= ok=1
Cmd: preprocess
  insize=5159 outsize=1148 ok=1
Cmd: compileSnippet
  api=4 type=0 insize=3816 outsize=1298 kw= ok=1
Cmd: compileSnippet
  api=4 type=1 insize=3816 outsize=1201 kw= ok=1
Cmd: compileSnippet
  api=4 type=0 insize=3824 outsize=1233 kw= ok=1
Cmd: compileSnippet
  api=4 type=1 insize=3824 outsize=1185 kw= ok=1
Cmd: compileSnippet
  api=4 type=0 insize=3822 outsize=1298 kw= ok=1
Cmd: compileSnippet
  api=4 type=1 insize=3822 outsize=1672 kw= ok=1
Cmd: compileSnippet
  api=4 type=0 insize=3824 outsize=1298 kw= ok=1
Cmd: compileSnippet
  api=4 type=1 insize=3824 outsize=1623 kw= ok=1
Cmd: compileSnippet
  api=4 type=0 insize=3814 outsize=1298 kw= ok=1
Cmd: compileSnippet
  api=4 type=1 insize=3814 outsize=973 kw= ok=1
Cmd: preprocess
  insize=1574 outsize=702 ok=1
Cmd: compileSnippet
  api=4 type=0 insize=1135 outsize=1461 kw= ok=1
Cmd: compileSnippet
  api=4 type=1 insize=1135 outsize=1071 kw= ok=1
Cmd: preprocess
  insize=6008 outsize=1334 ok=1
Cmd: compileSnippet
  api=4 type=0 insize=4240 outsize=1428 kw= ok=1
Cmd: compileSnippet
  api=4 type=1 insize=4240 outsize=2509 kw= ok=1
Cmd: compileSnippet
  api=4 type=0 insize=3327 outsize=1185 kw= ok=1
Cmd: compileSnippet
  api=4 type=1 insize=3327 outsize=1656 kw= ok=1
Cmd: compileSnippet
  api=4 type=4 insize=3327 outsize=3590 kw= ok=1
Cmd: compileSnippet
  api=4 type=0 insize=3327 outsize=1185 kw= ok=1
Cmd: compileSnippet
  api=4 type=1 insize=3327 outsize=1656 kw= ok=1
Cmd: compileSnippet
  api=4 type=4 insize=3327 outsize=3590 kw= ok=1
Cmd: preprocess
  insize=833 outsize=323 ok=1
Cmd: compileSnippet
  api=4 type=0 insize=776 outsize=990 kw= ok=1
Cmd: compileSnippet
  api=4 type=1 insize=776 outsize=657 kw= ok=1
Cmd: preprocess
  insize=758 outsize=335 ok=1
Cmd: compileSnippet
  api=4 type=0 insize=706 outsize=1128 kw= ok=1
Cmd: compileSnippet
  api=4 type=1 insize=706 outsize=1047 kw= ok=1
Cmd: preprocess
  insize=4076 outsize=685 ok=1
Cmd: compileSnippet
  api=4 type=0 insize=3311 outsize=990 kw= ok=1
Cmd: compileSnippet
  api=4 type=1 insize=3311 outsize=1258 kw= ok=1
Cmd: compileSnippet
  api=4 type=0 insize=3319 outsize=2135 kw= ok=1
Cmd: compileSnippet
  api=4 type=1 insize=3319 outsize=1835 kw= ok=1
Cmd: compileSnippet
  api=4 type=0 insize=3328 outsize=2119 kw= ok=1
Cmd: compileSnippet
  api=4 type=1 insize=3328 outsize=2192 kw= ok=1
Cmd: compileSnippet
  api=4 type=0 insize=3323 outsize=2119 kw= ok=1
Cmd: compileSnippet
  api=4 type=1 insize=3323 outsize=2030 kw= ok=1
Cmd: preprocess
  insize=926 outsize=319 ok=1
Cmd: compileSnippet
  api=4 type=0 insize=877 outsize=990 kw= ok=1
Cmd: compileSnippet
  api=4 type=1 insize=877 outsize=1087 kw= ok=1
Cmd: preprocess
  insize=1406 outsize=316 ok=1
Cmd: compileSnippet
  api=4 type=0 insize=1347 outsize=1558 kw= ok=1
Cmd: compileSnippet
  api=4 type=1 insize=1347 outsize=1940 kw= ok=1
Cmd: preprocess
  insize=2266 outsize=1040 ok=1
Cmd: compileSnippet
  api=4 type=0 insize=905 outsize=1071 kw= ok=1
Cmd: compileSnippet
  api=4 type=1 insize=905 outsize=738 kw= ok=1
Cmd: compileSnippet
  api=4 type=0 insize=860 outsize=1071 kw= ok=1
Cmd: compileSnippet
  api=4 type=1 insize=860 outsize=600 kw= ok=1
Cmd: preprocess
  insize=6214 outsize=837 ok=1
Cmd: compileSnippet
  api=4 type=0 insize=5293 outsize=998 kw= ok=1
Cmd: compileSnippet
  api=4 type=1 insize=5293 outsize=1940 kw= ok=1
Cmd: compileSnippet
  api=4 type=0 insize=5299 outsize=998 kw= ok=1
Cmd: compileSnippet
  api=4 type=1 insize=5299 outsize=1680 kw= ok=1
Cmd: compileSnippet
  api=4 type=0 insize=5309 outsize=998 kw= ok=1
Cmd: compileSnippet
  api=4 type=1 insize=5309 outsize=6921 kw= ok=1
Cmd: preprocess
  insize=1136 outsize=512 ok=1
Cmd: compileSnippet
  api=4 type=0 insize=893 outsize=1266 kw= ok=1
Cmd: compileSnippet
  api=4 type=1 insize=893 outsize=1022 kw= ok=1
Cmd: preprocess
  insize=1285 outsize=411 ok=1
Cmd: compileSnippet
  api=4 type=0 insize=1129 outsize=1233 kw= ok=1
Cmd: compileSnippet
  api=4 type=1 insize=1129 outsize=1185 kw= ok=1
Cmd: preprocess
  insize=616 outsize=277 ok=1
Cmd: compileSnippet
  api=4 type=0 insize=617 outsize=827 kw= ok=1
Cmd: compileSnippet
  api=4 type=1 insize=617 outsize=437 kw= ok=1
Cmd: preprocess
  insize=773 outsize=337 ok=1
Cmd: compileSnippet
  api=4 type=0 insize=714 outsize=990 kw= ok=1
Cmd: compileSnippet
  api=4 type=1 insize=714 outsize=713 kw= ok=1
Cmd: preprocess
  insize=1801 outsize=713 ok=1
Cmd: compileSnippet
  api=4 type=0 insize=1346 outsize=1664 kw= ok=1
Cmd: compileSnippet
  api=4 type=1 insize=1346 outsize=1242 kw= ok=1
Cmd: compileSnippet
  api=4 type=0 insize=2847 outsize=1851 kw=DIRECTIONAL ok=1
Cmd: compileSnippet
  api=4 type=1 insize=2847 outsize=1339 kw=DIRECTIONAL ok=1
